
--------------------------------------------------
TXLib сообщает:

Программа: D:\Multick1-main\Multick1-main\bin\Debug\киямдинов.exe, файл: c:\codeblocks\codeblocks\mingw\include\txlib.h, строка: 13396, функция: bool {anonymous}::TX::txDrawText(double, double, double, double, const char*, unsigned int, HDC),

Сообщение: Параметр y0 = 133 больше, чем y1 = 53. Текст выводиться не будет.

#1: TXLib [Ver: 00173a, Rev: 171, Date: 2022-07-23 02:08:28 +0400], Instance: 0x004F42FC (32-bit), Flags: CMdRe0, Thread: 0x27FC (Main), GetLastError(): 13 (Недопустимые данные). 

--------------------------------------------------
Стек вызовов:

# 0 0x00414F83 in D:\Multick1-main\Multick1-main\bin\Debug\киямдинов.exe: txDrawText() at c:/codeblocks/codeblocks/mingw/include/txlib.h (13396)

# 1 0x0041D94A in D:\Multick1-main\Multick1-main\bin\Debug\киямдинов.exe: Scena2() at D:/Multick1-main/Multick1-main/main.cpp (126):

    124:     txEllipse (554, 133, 733, 53);
    125:     txSetFillColor(TX_BLACK);
=>  126:     txDrawText (554, 133, 733, 53, "эх как я устал");
    127: 
    128: 

# 2 0x0041DF08 in D:\Multick1-main\Multick1-main\bin\Debug\киямдинов.exe: main() at D:/Multick1-main/Multick1-main/main.cpp (257):

    255:        }
    256: 
=>  257:     Scena2();
    258: 
    259: 

--------------------------------------------------
Developed with:

The Dumb Artist Library (TX Library)
TXLib [Ver: 00173a, Rev: 171, Date: 2022-07-23 02:08:28 +0400]
Copyright (C) Ded (Ilya Dedinsky, http://txlib.ru) <mail@txlib.ru>
See license on: http://txlib.ru

TXLib file:	c:\codeblocks\codeblocks\mingw\include\txlib.h
Compiled:	Nov 18 2022 17:22:13, GNU g++ 4.8.1, std=201103L, MinGW Runtime 3.20, 32-bit, Debug
Started:	Nov 18 2022 17:22:32

Run file:	D:\Multick1-main\Multick1-main\bin\Debug\киямдинов.exe
Directory:	D:\Multick1-main\Multick1-main

--------------------------------------------------

--------------------------------------------------
TXLib сообщает:

Программа: D:\Multick1-main\Multick1-main\bin\Debug\киямдинов.exe, файл: c:\codeblocks\codeblocks\mingw\include\txlib.h, строка: 13396, функция: bool {anonymous}::TX::txDrawText(double, double, double, double, const char*, unsigned int, HDC),

Сообщение: Параметр y0 = 271 больше, чем y1 = 37. Текст выводиться не будет.

#1: TXLib [Ver: 00173a, Rev: 171, Date: 2022-07-23 02:08:28 +0400], Instance: 0x004F52FC (32-bit), Flags: CMdRe0, Thread: 0x1328 (Main), GetLastError(): 13 (Недопустимые данные). 

--------------------------------------------------
Стек вызовов:

# 0 0x00414F83 in D:\Multick1-main\Multick1-main\bin\Debug\киямдинов.exe: txDrawText() at c:/codeblocks/codeblocks/mingw/include/txlib.h (13396)

# 1 0x0041E57C in D:\Multick1-main\Multick1-main\bin\Debug\киямдинов.exe: drawDialogyh() at D:/Multick1-main/Multick1-main/main.cpp (206):

    204:     txCircle(648, 314, 30);
    205:     txEllipse(383, 271, 794, 37);
=>  206:     txDrawText(383, 271, 794, 37, "Блин в холодильнике пусто");
    207: 
    208: }

# 2 0x0041EDF5 in D:\Multick1-main\Multick1-main\bin\Debug\киямдинов.exe: main() at D:/Multick1-main/Multick1-main/main.cpp (386):

    384:         txEnd();
    385:         txSleep(10);
=>  386:         drawDialogyh();
    387:         txEnd();
    388:         txSleep(10);

--------------------------------------------------
Developed with:

The Dumb Artist Library (TX Library)
TXLib [Ver: 00173a, Rev: 171, Date: 2022-07-23 02:08:28 +0400]
Copyright (C) Ded (Ilya Dedinsky, http://txlib.ru) <mail@txlib.ru>
See license on: http://txlib.ru

TXLib file:	c:\codeblocks\codeblocks\mingw\include\txlib.h
Compiled:	Dec 16 2022 17:46:04, GNU g++ 4.8.1, std=201103L, MinGW Runtime 3.20, 32-bit, Debug
Started:	Dec 16 2022 17:46:23

Run file:	D:\Multick1-main\Multick1-main\bin\Debug\киямдинов.exe
Directory:	D:\Multick1-main\Multick1-main

--------------------------------------------------

--------------------------------------------------
TXLib сообщает:

Программа: D:\Multick1-main\Multick1-main\bin\Debug\киямдинов.exe, файл: c:\codeblocks\codeblocks\mingw\include\txlib.h, строка: 13396, функция: bool {anonymous}::TX::txDrawText(double, double, double, double, const char*, unsigned int, HDC),

Сообщение: Параметр y0 = 271 больше, чем y1 = 37. Текст выводиться не будет.

#2: TXLib [Ver: 00173a, Rev: 171, Date: 2022-07-23 02:08:28 +0400], Instance: 0x004F52FC (32-bit), Flags: CMdRe0, Thread: 0x1328 (Main), GetLastError(): 13 (Недопустимые данные). 

--------------------------------------------------
Стек вызовов:

# 0 0x00414F83 in D:\Multick1-main\Multick1-main\bin\Debug\киямдинов.exe: txDrawText() at c:/codeblocks/codeblocks/mingw/include/txlib.h (13396)

# 1 0x0041E57C in D:\Multick1-main\Multick1-main\bin\Debug\киямдинов.exe: drawDialogyh() at D:/Multick1-main/Multick1-main/main.cpp (206):

    204:     txCircle(648, 314, 30);
    205:     txEllipse(383, 271, 794, 37);
=>  206:     txDrawText(383, 271, 794, 37, "Блин в холодильнике пусто");
    207: 
    208: }

# 2 0x0041EDF5 in D:\Multick1-main\Multick1-main\bin\Debug\киямдинов.exe: main() at D:/Multick1-main/Multick1-main/main.cpp (386):

    384:         txEnd();
    385:         txSleep(10);
=>  386:         drawDialogyh();
    387:         txEnd();
    388:         txSleep(10);

--------------------------------------------------
Developed with:

The Dumb Artist Library (TX Library)
TXLib [Ver: 00173a, Rev: 171, Date: 2022-07-23 02:08:28 +0400]
Copyright (C) Ded (Ilya Dedinsky, http://txlib.ru) <mail@txlib.ru>
See license on: http://txlib.ru

TXLib file:	c:\codeblocks\codeblocks\mingw\include\txlib.h
Compiled:	Dec 16 2022 17:46:04, GNU g++ 4.8.1, std=201103L, MinGW Runtime 3.20, 32-bit, Debug
Started:	Dec 16 2022 17:46:22

Run file:	D:\Multick1-main\Multick1-main\bin\Debug\киямдинов.exe
Directory:	D:\Multick1-main\Multick1-main

--------------------------------------------------
